Computing period matrix...
Time: 0.050
Time: 1.450
------------------
STEP 1 OK!
------------------
Computing CM type...
------------------
STEP 2 OK!
------------------
Computing equations for MT group...
[
    ( 1  0  0  0 -1  1 -1  0),
    ( 0  1  0  0  1  0 -1 -1),
    ( 0  0  1  0  0  1 -1 -1),
    ( 0  0  0  1  1 -1  0 -1)
]
------------------
STEP 3 OK!
------------------
1.36946084634089962846566817236608869643269008588211582787813351762294913428329\
1273488163222262933409561629583041205523265032570876269112991369505703763183751\
9421833286816146315669213396074881175111156382168404286037671224675872458718617\
0652326999332848983806296163765191341187164302650776184337662742 + 
8.49721192543288839980196113766466964573325903351415492436507851572015635539332\
4402090078156548883520016908252411769821238637505142369673779537317344142953486\
5901730233488231653221256230886247209355566362378816662929019902229771492498325\
0412614545789417240091385061131979509753736259252624225033952816E-301*CC.1
Number Field with defining polynomial x^12 - x^10 + x^8 - x^6 + x^4 - x^2 + 1 
over the Rational Field
0.73021437792247051206744818083878257402503701570538161435775394555498030497384\
6218973921495595394669828340165009779934395107728638817094005304340364604592690\
7516355942677117618241655258633176915657244555367371271666360166655853540632540\
69058172066923017293864675615585192107506283428961731919172680273 - 
5.59659126989722999447106957353184771598087064425444216347810318700260617634564\
3037128140514359450880229305171044170556553538376996891121605410765632863120956\
8751291349777010190381794097382585488376477060963946515045664376906779299352967\
6733667322912696710156947990687494573257013561811736414195165225E-301*CC.1
Number Field with defining polynomial x^12 - x^10 + x^8 - x^6 + x^4 - x^2 + 1 
over the Rational Field
> f := MTequations[1];
> If := MTequation_to_IndexTuple(f);
>     period := &*[ ee[j]: j in If ]/(2*Pi(CC)*CC.1)^2;
> pf1 := MinimalPolynomialExtra(period, FF);
> pf1;
$.1^2 + 1/7*(-288*FF.1^5 + 432*FF.1^4 - 432*FF.1^3 + 288*FF.1^2 - 180)
> Coefficients(pf1)[1];
1/7*(-288*FF.1^5 + 432*FF.1^4 - 432*FF.1^3 + 288*FF.1^2 - 180)
> -Coefficients(pf1)[1];
1/7*(288*FF.1^5 - 432*FF.1^4 + 432*FF.1^3 - 288*FF.1^2 + 180)

> 1/7*(288*F.1^5 - 432*F.1^4 + 432*F.1^3 - 288*F.1^2 + 180) eq 1/7*(288*FF.1^5\
 - 432*FF.1^4 + 432*FF.1^3 - 288*FF.1^2 + 180);

>> 1/7*(288*F.1^5 - 432*F.1^4 + 432*F.1^3 - 288*F.1^2 + 180) eq 1/7*(288*FF.1^
                                                             ^
Runtime error in 'eq': Bad argument types
Argument types given: FldCycElt[FldRat], FldNumElt[FldRat]

> 1/7*(288*F.1^5 - 432*F.1^4 + 432*F.1^3 - 288*F.1^2 + 180) eq F!1/7*(288*FF.1\
^5 - 432*FF.1^4 + 432*FF.1^3 - 288*FF.1^2 + 180);

>> 1/7*(288*F.1^5 - 432*F.1^4 + 432*F.1^3 - 288*F.1^2 + 180) eq F!1/7*(288*FF.
                                                                     ^
Runtime error: Bad argument types
Argument types given: FldCycElt[FldRat], FldNumElt[FldRat]

> F!1/7*(288*F.1^5 - 432*F.1^4 + 432*F.1^3 - 288*F.1^2 + 180) eq F!1/7*(288*FF\
.1^5 - 432*FF.1^4 + 432*FF.1^3 - 288*FF.1^2 + 180);

>> F!1/7*(288*F.1^5 - 432*F.1^4 + 432*F.1^3 - 288*F.1^2 + 180) eq F!1/7*(288*F
                                                                       ^
Runtime error: Bad argument types
Argument types given: FldCycElt[FldRat], FldNumElt[FldRat]

> F!1/7*(288*F.1^5 - 432*F.1^4 + 432*F.1^3 - 288*F.1^2 + 180) eq F!(1/7*(288*F\
F.1^5 - 432*FF.1^4 + 432*FF.1^3 - 288*FF.1^2 + 180));

>> F!1/7*(288*F.1^5 - 432*F.1^4 + 432*F.1^3 - 288*F.1^2 + 180) eq F!(1/7*(288*
                                                                   ^
Runtime error in '!': Illegal coercion
LHS: FldCyc
RHS: FldNumElt


> SquareRoot(emb_FC(1/7*(288*F.1^5 - 432*F.1^4 + 432*F.1^3 - 288*F.1^2 + 180))\
);
10.2996000570675716047101789117325733390083209338223587336101491422794018465407\
7136896449946580162408309695359748758848519752943353333271712605412358289906071\
3293762671727025707055602505307067179269539013845634674492151332420360444699055\
0185801223491807974291205017006952760703282167664931407459636781 - 
8.96479088552882029637324382927550739009203988115141395833221930033455380402168\
0740006585753224458687396676908046549124773207776325057390076521721936237604122\
8287685836879460703369842863785324015330229341079912477687834975030329491098047\
6063661267722227667973936082586250821532821360356845463404027213*CC.1
> SquareRoot(emb_FC(-1/7*(288*F.1^5 - 432*F.1^4 + 432*F.1^3 - 288*F.1^2 + 180)\
));
8.96479088552882029637324382927550739009203988115141395833221930033455380402168\
0740006585753224458687396676908046549124773207776325057390076521721936237604122\
8287685836879460703369842863785324015330229341079912477687834975030329491098047\
6063661267722227667973936082586250821532821360356845463404027213 + 
10.2996000570675716047101789117325733390083209338223587336101491422794018465407\
7136896449946580162408309695359748758848519752943353333271712605412358289906071\
3293762671727025707055602505307067179269539013845634674492151332420360444699055\
0185801223491807974291205017006952760703282167664931407459636781*CC.1
> pf1;
$.1^2 + 1/7*(-288*FF.1^5 + 432*FF.1^4 - 432*FF.1^3 + 288*FF.1^2 - 180)
> period;
1.36946084634089962846566817236608869643269008588211582787813351762294913428329\
1273488163222262933409561629583041205523265032570876269112991369505703763183751\
9421833286816146315669213396074881175111156382168404286037671224675872458718617\
0652326999332848983806296163765191341187164302650776184337662742 + 
8.49721192543288839980196113766466964573325903351415492436507851572015635539332\
4402090078156548883520016908252411769821238637505142369673779537317344142953486\
5901730233488231653221256230886247209355566362378816662929019902229771492498325\
0412614545789417240091385061131979509753736259252624225033952816E-301*CC.1
> FF;
Number Field with defining polynomial x^6 - x^5 + x^4 - x^3 + x^2 - x + 1 over 
the Rational Field
> FF.1;
FF.1
> MinimalPolynomial(period, F);

>> MinimalPolynomial(period, F);
                    ^
Runtime error in 'MinimalPolynomial': Bad argument types
Argument types given: FldComElt, FldCyc[FldRat]

> FF.1^7;
-1
> SquareRoot(emb_FC(-1/7*(288*F.1^5 - 432*F.1^4 + 432*F.1^3 - 288*F.1^2 + 180)\
\

> SquareRoot(emb_FC(1/7*(288*F.1^5 - 432*F.1^4 + 432*F.1^3 - 288*F.1^2 + 180); 

>> 3 - 288*F.1^2 + 180);
                       ^
User error: bad syntax
> SquareRoot(emb_FC(1/7*(288*F.1^5 - 432*F.1^4 + 432*F.1^3 - 288*F.1^2 + 180))\
;

>> 3 - 288*F.1^2 + 180));
                        ^
User error: bad syntax



> MinimalPolynomial(period, F);

>> MinimalPolynomial(period, F);
                    ^
Runtime error in 'MinimalPolynomial': Bad argument types
Argument types given: FldComElt, FldCyc[FldRat]

> -Coefficients(pf1)[1];
1/7*(288*FF.1^5 - 432*FF.1^4 + 432*FF.1^3 - 288*FF.1^2 + 180)
> SquareRoot(emb_FC(1/7*(288*F.1^5 + 432*F.1^4 + 432*F.1^3 + 288*F.1^2 + 180))\
);
7.03939972006922586490856406552685318430800523854088921891350408193836814254004\
4440415708539312941675323690241733941957576775101043416486494379648516044920874\
9215426195150565618376530347885116069477396127223775465417552710068007734680325\
5453411920133698581905867995846290831389108445179587722705445411
> pf1;
$.1^2 + 1/7*(-288*FF.1^5 + 432*FF.1^4 - 432*FF.1^3 + 288*FF.1^2 - 180)
> SquareRoot(emb_FC(-1/7*(288*F.1^5 + 432*F.1^4 + 432*F.1^3 + 288*F.1^2 + 180)\
));
7.03939972006922586490856406552685318430800523854088921891350408193836814254004\
4440415708539312941675323690241733941957576775101043416486494379648516044920874\
9215426195150565618376530347885116069477396127223775465417552710068007734680325\
5453411920133698581905867995846290831389108445179587722705445411*CC.1
> SquareRoot(emb_FC(1/7*(288*F.1^10 + 432*F.1^8 + 432*F.1^6 + 288*F.1^4 + 180)\
));
10.1882927199137121175682413340313410697526276587152500924399339984779763696539\
8809280875839341775803776953308956418530774574329749562849321128002773688149566\
4120489279833131513967611806912397310345871713526890291614535715118628889304813\
1904044154283768029091959957457904088455691519577075755694100255*CC.1
> SquareRoot(emb_FC(1/7*(288*F.1^10 - 432*F.1^8 + 432*F.1^6 - 288*F.1^4 + 180)\
));
5.60183033145665805424979795716659370663690467465129042762054632279637635573871\
4845465946196178728829768435111967023384259690256434359951954210239698932651297\
2282911420384128852815183673196297124319361367289472987946401729193611676212886\
2699537917408834546551848184152827662673928354486105931084687161 - 
2.38038176520954242372005948613926368898656818531058262326407383718861831020257\
0176004435734440099278483378001915397091647487809635188671180813504990299806872\
3375966650012208370078975926325619978550563814017426901008112304447464281190797\
5768865879931146942589816602795346189537873589142091590267543166*CC.1
> period^2;
1.87542300966073310331557179125550589353442377374846124271432925936917723681831\
5394956449319037408600727436763100996977407302745247156338263756749035938975067\
5294468288868949491873245876685983352935388330979626426506829902212686505952686\
3045752695217462311411766379729796521570251129787856499213647723 + 
2.32731980698826173051809929480541029395331019798185313945130338854843161870223\
2615851925020863072634906435323020789172331784044558586448180779366259728010093\
2612357416445901127509215001598093471942735650562952603385609051351943316571064\
3687660095929928862828646813204084033911356745403869199028991323E-300*CC.1
> 
> period;
1.36946084634089962846566817236608869643269008588211582787813351762294913428329\
1273488163222262933409561629583041205523265032570876269112991369505703763183751\
9421833286816146315669213396074881175111156382168404286037671224675872458718617\
0652326999332848983806296163765191341187164302650776184337662742 + 
8.49721192543288839980196113766466964573325903351415492436507851572015635539332\
4402090078156548883520016908252411769821238637505142369673779537317344142953486\
5901730233488231653221256230886247209355566362378816662929019902229771492498325\
0412614545789417240091385061131979509753736259252624225033952816E-301*CC.1
> -Coefficients(pf1)[1];
1/7*(288*FF.1^5 - 432*FF.1^4 + 432*FF.1^3 - 288*FF.1^2 + 180)
> IsSquare(-Coefficients(pf1)[1]);
false
> IsSquare(Coefficients(pf1)[1]);
true 1/7*(12*FF.1^5 - 24*FF.1^4 + 36*FF.1^3 - 48*FF.1^2 + 60*FF.1 - 30)
> IsIsomorphic(FF, F);
true Mapping from: FldNum: FF to FldCyc: F
> a := IsIsomorphic(FF, F);
> a(-Coefficients(pf1)[1]);

>> a(-Coefficients(pf1)[1]);
    ^
Runtime error in '@': Bad argument types
Argument types given: FldNumElt[FldRat], BoolElt

> _, a := IsIsomorphic(FF, F);
> a(-Coefficients(pf1)[1]);
1/7*(-288*zeta_7^5 - 432*zeta_7^4 - 432*zeta_7^3 - 288*zeta_7^2 + 180)
> IsSquare(a(-Coefficients(pf1)[1]));
false
> IsSquare(a(Coefficients(pf1)[1]));
true 1/7*(12*zeta_7^5 + 24*zeta_7^4 + 36*zeta_7^3 + 48*zeta_7^2 + 60*zeta_7 + 
    30)

Total time: 2.730 [2139.104] seconds, Total memory usage: 32.09MB
