The curve is the Hyperelliptic Curve defined by y^2 = 
    1/9625883310912944*(5609411386822656*mu^2 - 22655110984547328*mu + 
    2322306677186327)*x^10 - 567/64*x^9 + 1/2406470827728236*(-6626117200684262\
    4*mu^2 + 267613498504965312*mu - 219310695028907055)*x^8 + 
    1/1447775461176755326968167917924*(-777194053939504750117806035995392*mu^2 +
    1890995121794801671145869539553344*mu - 
    876645782045536240390974061056645)*x^7 + 
    1/361943865294188831742041979481*(-414748214762691010862463616525824*mu^2 + 
    973121682645100372909396389646464*mu - 
    418896328835570100286899459532725)*x^6 + 
    1/723887730588377663484083958962*(-414748214762691010862463616525824*mu^2 + 
    973121682645100372909396389646464*mu - 
    418896328835570100286899459532725)*x^5 + 
    1/217751838276415937225703627775714195939081379*(67280066631017955618992899\
    8679850853080664787968*mu^2 - 152611736564040758280615821657961434151506138\
    9568*mu + 564042671775972871996543624496911571404685888892)*x^4 + 
    1/217751838276415937225703627775714195939081379*(86502942811308800081562299\
    8302665382532283298816*mu^2 - 196215089868052403503648913560236129623365035\
    8016*mu + 725197720854822263995556088638886306091739000004)*x^3 + 
    1/131003361624097910687645782812955154673509052734080825029361*(-7864284554\
    52167193729987728732383596614717985743145008976039936*mu^2 + 
    1769672774123062187998821137149428143343132562435288447526759424*mu - 
    635437204711676647634147301358815875716628444554384179695284828)*x over KK
Computing period matrix...
Time: 77.450
Computing the CM field...
The CM field is the Number Field with defining polynomial x^8 - 4*x^7 + 26*x^6 -
    64*x^5 + 152*x^4 - 202*x^3 + 240*x^2 - 149*x + 80 over the Rational Field
The Galois closure of the CM field is the Number Field with defining polynomial 
x^24 - 12*x^23 + 146*x^22 - 1100*x^21 + 7574*x^20 - 40782*x^19 + 196948*x^18 - 
    800853*x^17 + 2907378*x^16 - 9150316*x^15 + 25638924*x^14 - 62952344*x^13 + 
    137005480*x^12 - 261467024*x^11 + 438874963*x^10 - 641493928*x^9 + 
    813610234*x^8 - 884148352*x^7 + 813754082*x^6 - 621493090*x^5 + 
    383818900*x^4 - 183991983*x^3 + 64363906*x^2 - 14638752*x + 1622552 over the
Rational Field
------------------
STEP 1 OK!
------------------
Computing the CM type...
[* [*
    Mapping from: FldNum: E to FldNum: F,
    Mapping from: FldNum: E to FldNum: F,
    Mapping from: FldNum: E to FldNum: F,
    Mapping from: FldNum: E to FldNum: F
*] *]
------------------
STEP 2 OK!
------------------
Computing reflex field...
The reflex field is the Number Field with defining polynomial x^6 - 
    156897081365152142138362467933890393622968850629106246644160283070948294277\
    05093047693281212982*x^5 + 102692187945773376780870119300826961217441119557\
    523447633865340759481989703062150075135527024074868384829020440526212177143\
    858334701892553789105348155581726884737568582252854471787540105535*x^4 - 
    358901885333903468395905701699363716203638608695350609510973781767246711527\
    175914705946716537498467930982220165913802925977811971883365956528720643064\
    402385743721305031150831516288623164845690201730827028157444571571019117079\
    075350404604942625648811366744873329788325398405864124660*x^3 + 
    706402807510647082333765146332272832519728134175874614779765027715590153185\
    923720626287129744786170488722286420866290924897986172942684232985858498547\
    695780952702195023439636941058010824008975821189560608542526568949306086810\
    819985873313301316672192118956809693337286444609316876622713803937724945848\
    613433974474926559526490265011749697193196179743693624152666994562916712815\
    *x^2 - 74240859371488611756955510847688479869193730396374542226067121925331\
    159158495910249687968074643600152163270350167221324353342380933406939262517\
    226464269276004991804924241935408347632757044478125783089066928991512728493\
    593847362817436899407885728919341506112746176679511256867367566351509377772\
    088266355768194760487264989218199378456902265841822561434352908244672322461\
    510576872460600365730648966815232303419619766444321710209665211683413033768\
    7597830084261473640100342*x + 325489828768280897595402658757113889074002965\
    039629751920010623990504175637701634272373335309848229149798543215798627798\
    262786673733646704411241975683586910814485088556309669997406395914896402730\
    903510208098889066472768505807085338513265030966380436509729628124235654324\
    803117427866869457237145216697347573362203118340318571456581764835204751966\
    146889041681538182737292291318311581591486073722647582608241746423354011725\
    385636537450344398441006532869431632880333405177272947043691519339332038183\
    958321273024278060504300981205137618028434240941063634177502614129 over the 
Rational Field
Computing reflex norm matrix...
Computing norm matrix...
Computing equations for MT group...
[
    ( 1  0  0 -1  0  1  1 -2),
    ( 0  1  0 -1  0  1  0 -1),
    ( 0  0  1 -1  0  0  1 -1),
    ( 0  0  0  0  1 -1 -1  1)
]
------------------
STEP 3 OK!
------------------
Computing period cocylce relation for the equation ( 1  0  0 -1  0  1  1 -2)
true
The corresponding Tate class is defined over the Number Field with defining 
polynomial x^6 - 12*x^5 + 168*x^4 - 1024*x^3 + 5936*x^2 - 16064*x + 29504 over 
the Rational Field
Computing period cocylce relation for the equation ( 0  1  0 -1  0  1  0 -1)
false
The corresponding Tate class is defined over the Number Field with defining 
polynomial x^3 + 76*x^2 + 1776*x + 12608 over the Rational Field
Computing period cocylce relation for the equation ( 0  0  1 -1  0  0  1 -1)
false
The corresponding Tate class is defined over the Number Field with defining 
polynomial x^3 + 76*x^2 + 1776*x + 12608 over the Rational Field
Computing period cocylce relation for the equation ( 0  0  0  0  1 -1 -1  1)
true
The corresponding Tate class is defined over the Number Field with defining 
polynomial x^6 - 12*x^5 + 168*x^4 - 1024*x^3 + 5936*x^2 - 16064*x + 29504 over 
the Rational Field
Small checks...
The compositum k.E* is contained in F: true Mapping from: FldNum: KK to FldNum: 
F
The field k is contained in E*: true Mapping from: FldNum: KK to FldNum: Estar
Checking irreducibility of CM type...
------------------

Total time: 664.850 [3421.532] seconds, Total memory usage: 128.19MB
